1736974304005	geckodriver	INFO	Listening on 127.0.0.1:64035
1736974304291	mozrunner::runner	INFO	Running command: MOZ_CRASHREPORTER="1" MOZ_CRASHREPORTER_NO_REPORT="1" MOZ_CRASHREPORTER_SHUTDOWN="1" MOZ_NO_REMOTE="1" "/App ... s" "localhost" "-foreground" "-no-remote" "-profile" "/var/folders/2l/c4141kzj2r34tjwfn3fh6nd40000gr/T/rust_mozprofilehJyaIK"
*** You are running in headless mode.
console.warn: services.settings: Ignoring preference override of remote settings server
console.warn: services.settings: Allow by setting MOZ_REMOTE_SETTINGS_DEVTOOLS=1 in the environment
1736974304593	Marionette	INFO	Marionette enabled
console.error: "Warning: unrecognized command line flag" "-remote-allow-hosts"
1736974305379	Marionette	INFO	Listening on port 64041
WebDriver BiDi listening on ws://127.0.0.1:64036
1736974305477	RemoteAgent	WARN	TLS certificate errors will be ignored for this session
[GFX1-]: RenderCompositorSWGL failed mapping default framebuffer, no dt
1736976072160	geckodriver	INFO	Listening on 127.0.0.1:54344
1736976072682	mozrunner::runner	INFO	Running command: MOZ_CRASHREPORTER="1" MOZ_CRASHREPORTER_NO_REPORT="1" MOZ_CRASHREPORTER_SHUTDOWN="1" MOZ_NO_REMOTE="1" "/App ... s" "localhost" "-foreground" "-no-remote" "-profile" "/var/folders/2l/c4141kzj2r34tjwfn3fh6nd40000gr/T/rust_mozprofileONDShQ"
*** You are running in headless mode.
console.warn: services.settings: Ignoring preference override of remote settings server
console.warn: services.settings: Allow by setting MOZ_REMOTE_SETTINGS_DEVTOOLS=1 in the environment
1736976073094	Marionette	INFO	Marionette enabled
console.error: "Warning: unrecognized command line flag" "-remote-allow-hosts"
1736976073356	Marionette	INFO	Listening on port 54361
WebDriver BiDi listening on ws://127.0.0.1:54345
1736976073377	RemoteAgent	WARN	TLS certificate errors will be ignored for this session
[GFX1-]: RenderCompositorSWGL failed mapping default framebuffer, no dt
1736976146319	geckodriver	INFO	Listening on 127.0.0.1:54759
1736976146844	mozrunner::runner	INFO	Running command: MOZ_CRASHREPORTER="1" MOZ_CRASHREPORTER_NO_REPORT="1" MOZ_CRASHREPORTER_SHUTDOWN="1" MOZ_NO_REMOTE="1" "/App ... s" "localhost" "-foreground" "-no-remote" "-profile" "/var/folders/2l/c4141kzj2r34tjwfn3fh6nd40000gr/T/rust_mozprofilebbdaDV"
*** You are running in headless mode.
console.warn: services.settings: Ignoring preference override of remote settings server
console.warn: services.settings: Allow by setting MOZ_REMOTE_SETTINGS_DEVTOOLS=1 in the environment
1736976147056	Marionette	INFO	Marionette enabled
console.error: "Warning: unrecognized command line flag" "-remote-allow-hosts"
1736976147261	Marionette	INFO	Listening on port 54772
WebDriver BiDi listening on ws://127.0.0.1:54760
1736976147285	RemoteAgent	WARN	TLS certificate errors will be ignored for this session
[GFX1-]: RenderCompositorSWGL failed mapping default framebuffer, no dt
1736976171542	geckodriver	INFO	Listening on 127.0.0.1:54958
1736976172066	mozrunner::runner	INFO	Running command: MOZ_CRASHREPORTER="1" MOZ_CRASHREPORTER_NO_REPORT="1" MOZ_CRASHREPORTER_SHUTDOWN="1" MOZ_NO_REMOTE="1" "/App ... s" "localhost" "-foreground" "-no-remote" "-profile" "/var/folders/2l/c4141kzj2r34tjwfn3fh6nd40000gr/T/rust_mozprofileZ31BCM"
*** You are running in headless mode.
console.warn: services.settings: Ignoring preference override of remote settings server
console.warn: services.settings: Allow by setting MOZ_REMOTE_SETTINGS_DEVTOOLS=1 in the environment
1736976172275	Marionette	INFO	Marionette enabled
console.error: "Warning: unrecognized command line flag" "-remote-allow-hosts"
1736976172468	Marionette	INFO	Listening on port 54968
WebDriver BiDi listening on ws://127.0.0.1:54959
1736976172489	RemoteAgent	WARN	TLS certificate errors will be ignored for this session
[GFX1-]: RenderCompositorSWGL failed mapping default framebuffer, no dt
1736976877479	geckodriver	INFO	Listening on 127.0.0.1:58083
1736976877991	mozrunner::runner	INFO	Running command: MOZ_CRASHREPORTER="1" MOZ_CRASHREPORTER_NO_REPORT="1" MOZ_CRASHREPORTER_SHUTDOWN="1" MOZ_NO_REMOTE="1" "/App ... s" "localhost" "-foreground" "-no-remote" "-profile" "/var/folders/2l/c4141kzj2r34tjwfn3fh6nd40000gr/T/rust_mozprofileaSiNGo"
*** You are running in headless mode.
console.warn: services.settings: Ignoring preference override of remote settings server
console.warn: services.settings: Allow by setting MOZ_REMOTE_SETTINGS_DEVTOOLS=1 in the environment
1736976878369	Marionette	INFO	Marionette enabled
console.error: "Warning: unrecognized command line flag" "-remote-allow-hosts"
1736976878968	Marionette	INFO	Listening on port 58093
WebDriver BiDi listening on ws://127.0.0.1:58084
1736976878993	RemoteAgent	WARN	TLS certificate errors will be ignored for this session
[GFX1-]: RenderCompositorSWGL failed mapping default framebuffer, no dt
1736976892842	geckodriver	INFO	Listening on 127.0.0.1:58179
1736976893368	mozrunner::runner	INFO	Running command: MOZ_CRASHREPORTER="1" MOZ_CRASHREPORTER_NO_REPORT="1" MOZ_CRASHREPORTER_SHUTDOWN="1" MOZ_NO_REMOTE="1" "/App ... s" "localhost" "-foreground" "-no-remote" "-profile" "/var/folders/2l/c4141kzj2r34tjwfn3fh6nd40000gr/T/rust_mozprofile3Vlznm"
*** You are running in headless mode.
console.warn: services.settings: Ignoring preference override of remote settings server
console.warn: services.settings: Allow by setting MOZ_REMOTE_SETTINGS_DEVTOOLS=1 in the environment
1736976893593	Marionette	INFO	Marionette enabled
console.error: "Warning: unrecognized command line flag" "-remote-allow-hosts"
1736976893870	Marionette	INFO	Listening on port 58189
WebDriver BiDi listening on ws://127.0.0.1:58180
1736976894005	RemoteAgent	WARN	TLS certificate errors will be ignored for this session
[GFX1-]: RenderCompositorSWGL failed mapping default framebuffer, no dt
1736977028129	geckodriver	INFO	Listening on 127.0.0.1:58842
1736977028656	mozrunner::runner	INFO	Running command: MOZ_CRASHREPORTER="1" MOZ_CRASHREPORTER_NO_REPORT="1" MOZ_CRASHREPORTER_SHUTDOWN="1" MOZ_NO_REMOTE="1" "/App ... s" "localhost" "-foreground" "-no-remote" "-profile" "/var/folders/2l/c4141kzj2r34tjwfn3fh6nd40000gr/T/rust_mozprofileMgDDmz"
console.warn: services.settings: Ignoring preference override of remote settings server
console.warn: services.settings: Allow by setting MOZ_REMOTE_SETTINGS_DEVTOOLS=1 in the environment
1736977028908	Marionette	INFO	Marionette enabled
console.error: "Warning: unrecognized command line flag" "-remote-allow-hosts"
1736977029187	Marionette	INFO	Listening on port 58854
WebDriver BiDi listening on ws://127.0.0.1:58843
1736977029206	RemoteAgent	WARN	TLS certificate errors will be ignored for this session
UNSUPPORTED (log once): POSSIBLE ISSUE: unit 1 GLD_TEXTURE_INDEX_2D is unloadable and bound to sampler type (Float) - using zero texture because texture unloadable
JavaScript error: resource:///modules/sessionstore/SessionStore.sys.mjs, line 3883: TypeError: winData is undefined
JavaScript warning: https://www.gstatic.com/og/_/js/k=og.qtm.en_US.WSo7OLdFZck.2019.O/rt=j/m=qabr,q_dnp,qcwid,qapid,qald,qads,q_dg/exm=qaaw,qadd,qaid,qein,qhaw,qhba,qhbr,qhch,qhga,qhid,qhin/d=1/ed=1/rs=AA2YrTu3OIbomB3nx1wiDyRkhdiMoOpjsA, line 19: Script terminated by timeout at:
_.Se@https://www.gstatic.com/og/_/js/k=og.qtm.en_US.WSo7OLdFZck.2019.O/rt=j/m=qabr,q_dnp,qcwid,qapid,qald,qads,q_dg/exm=qaaw,qadd,qaid,qein,qhaw,qhba,qhbr,qhch,qhga,qhid,qhin/d=1/ed=1/rs=AA2YrTu3OIbomB3nx1wiDyRkhdiMoOpjsA:19:376
_.Te@https://www.gstatic.com/og/_/js/k=og.qtm.en_US.WSo7OLdFZck.2019.O/rt=j/m=qabr,q_dnp,qcwid,qapid,qald,qads,q_dg/exm=qaaw,qadd,qaid,qein,qhaw,qhba,qhbr,qhch,qhga,qhid,qhin/d=1/ed=1/rs=AA2YrTu3OIbomB3nx1wiDyRkhdiMoOpjsA:20:25
lf@https://www.gstatic.com/og/_/js/k=og.qtm.en_US.WSo7OLdFZck.2019.O/rt=j/m=qabr,q_dnp,qcwid,qapid,qald,qads,q_dg/exm=qaaw,qadd,qaid,qein,qhaw,qhba,qhbr,qhch,qhga,qhid,qhin/d=1/ed=1/rs=AA2YrTu3OIbomB3nx1wiDyRkhdiMoOpjsA:29:38
b@https://www.gstatic.com/og/_/js/k=og.qtm.en_US.WSo7OLdFZck.2019.O/rt=j/m=qabr,q_dnp,qcwid,qapid,qald,qads,q_dg/exm=qaaw,qadd,qaid,qein,qhaw,qhba,qhbr,qhch,qhga,qhid,qhin/d=1/ed=1/rs=AA2YrTu3OIbomB3nx1wiDyRkhdiMoOpjsA:26:473

1736977160922	geckodriver	INFO	Listening on 127.0.0.1:59484
1736977161442	mozrunner::runner	INFO	Running command: MOZ_CRASHREPORTER="1" MOZ_CRASHREPORTER_NO_REPORT="1" MOZ_CRASHREPORTER_SHUTDOWN="1" MOZ_NO_REMOTE="1" "/App ... s" "localhost" "-foreground" "-no-remote" "-profile" "/var/folders/2l/c4141kzj2r34tjwfn3fh6nd40000gr/T/rust_mozprofile7K2T1U"
console.warn: services.settings: Ignoring preference override of remote settings server
console.warn: services.settings: Allow by setting MOZ_REMOTE_SETTINGS_DEVTOOLS=1 in the environment
1736977161692	Marionette	INFO	Marionette enabled
console.error: "Warning: unrecognized command line flag" "-remote-allow-hosts"
1736977161952	Marionette	INFO	Listening on port 59490
WebDriver BiDi listening on ws://127.0.0.1:59485
1736977162089	RemoteAgent	WARN	TLS certificate errors will be ignored for this session
UNSUPPORTED (log once): POSSIBLE ISSUE: unit 1 GLD_TEXTURE_INDEX_2D is unloadable and bound to sampler type (Float) - using zero texture because texture unloadable
1736977166470	Marionette	INFO	Stopped listening on port 59490
1736977198210	geckodriver	INFO	Listening on 127.0.0.1:59696
1736977198725	mozrunner::runner	INFO	Running command: MOZ_CRASHREPORTER="1" MOZ_CRASHREPORTER_NO_REPORT="1" MOZ_CRASHREPORTER_SHUTDOWN="1" MOZ_NO_REMOTE="1" "/App ... s" "localhost" "-foreground" "-no-remote" "-profile" "/var/folders/2l/c4141kzj2r34tjwfn3fh6nd40000gr/T/rust_mozprofile14oo1n"
console.warn: services.settings: Ignoring preference override of remote settings server
console.warn: services.settings: Allow by setting MOZ_REMOTE_SETTINGS_DEVTOOLS=1 in the environment
1736977198952	Marionette	INFO	Marionette enabled
console.error: "Warning: unrecognized command line flag" "-remote-allow-hosts"
1736977199189	Marionette	INFO	Listening on port 59702
WebDriver BiDi listening on ws://127.0.0.1:59697
1736977199271	RemoteAgent	WARN	TLS certificate errors will be ignored for this session
UNSUPPORTED (log once): POSSIBLE ISSUE: unit 1 GLD_TEXTURE_INDEX_2D is unloadable and bound to sampler type (Float) - using zero texture because texture unloadable
1736977203448	Marionette	INFO	Stopped listening on port 59702
1736977274345	geckodriver	INFO	Listening on 127.0.0.1:60070
1736977274869	mozrunner::runner	INFO	Running command: MOZ_CRASHREPORTER="1" MOZ_CRASHREPORTER_NO_REPORT="1" MOZ_CRASHREPORTER_SHUTDOWN="1" MOZ_NO_REMOTE="1" "/App ... s" "localhost" "-foreground" "-no-remote" "-profile" "/var/folders/2l/c4141kzj2r34tjwfn3fh6nd40000gr/T/rust_mozprofile5XLrdr"
console.warn: services.settings: Ignoring preference override of remote settings server
console.warn: services.settings: Allow by setting MOZ_REMOTE_SETTINGS_DEVTOOLS=1 in the environment
1736977275105	Marionette	INFO	Marionette enabled
console.error: "Warning: unrecognized command line flag" "-remote-allow-hosts"
1736977275369	Marionette	INFO	Listening on port 60076
WebDriver BiDi listening on ws://127.0.0.1:60071
1736977275505	RemoteAgent	WARN	TLS certificate errors will be ignored for this session
UNSUPPORTED (log once): POSSIBLE ISSUE: unit 1 GLD_TEXTURE_INDEX_2D is unloadable and bound to sampler type (Float) - using zero texture because texture unloadable
1736977279991	Marionette	INFO	Stopped listening on port 60076
1736977337513	geckodriver	INFO	Listening on 127.0.0.1:60400
1736977338036	mozrunner::runner	INFO	Running command: MOZ_CRASHREPORTER="1" MOZ_CRASHREPORTER_NO_REPORT="1" MOZ_CRASHREPORTER_SHUTDOWN="1" MOZ_NO_REMOTE="1" "/App ... s" "localhost" "-foreground" "-no-remote" "-profile" "/var/folders/2l/c4141kzj2r34tjwfn3fh6nd40000gr/T/rust_mozprofileJIjRrh"
*** You are running in headless mode.
console.warn: services.settings: Ignoring preference override of remote settings server
console.warn: services.settings: Allow by setting MOZ_REMOTE_SETTINGS_DEVTOOLS=1 in the environment
1736977338253	Marionette	INFO	Marionette enabled
console.error: "Warning: unrecognized command line flag" "-remote-allow-hosts"
1736977338490	Marionette	INFO	Listening on port 60406
WebDriver BiDi listening on ws://127.0.0.1:60401
1736977338507	RemoteAgent	WARN	TLS certificate errors will be ignored for this session
[GFX1-]: RenderCompositorSWGL failed mapping default framebuffer, no dt
1736977343628	Marionette	INFO	Stopped listening on port 60406
1736977503359	geckodriver	INFO	Listening on 127.0.0.1:61197
1736977503886	mozrunner::runner	INFO	Running command: MOZ_CRASHREPORTER="1" MOZ_CRASHREPORTER_NO_REPORT="1" MOZ_CRASHREPORTER_SHUTDOWN="1" MOZ_NO_REMOTE="1" "/App ... s" "localhost" "-foreground" "-no-remote" "-profile" "/var/folders/2l/c4141kzj2r34tjwfn3fh6nd40000gr/T/rust_mozprofileukHbdN"
*** You are running in headless mode.
console.warn: services.settings: Ignoring preference override of remote settings server
console.warn: services.settings: Allow by setting MOZ_REMOTE_SETTINGS_DEVTOOLS=1 in the environment
1736977504127	Marionette	INFO	Marionette enabled
console.error: "Warning: unrecognized command line flag" "-remote-allow-hosts"
1736977504342	Marionette	INFO	Listening on port 61203
WebDriver BiDi listening on ws://127.0.0.1:61198
1736977504360	RemoteAgent	WARN	TLS certificate errors will be ignored for this session
[GFX1-]: RenderCompositorSWGL failed mapping default framebuffer, no dt
1736977510393	Marionette	INFO	Stopped listening on port 61203
1736977544177	geckodriver	INFO	Listening on 127.0.0.1:61435
1736977544705	mozrunner::runner	INFO	Running command: MOZ_CRASHREPORTER="1" MOZ_CRASHREPORTER_NO_REPORT="1" MOZ_CRASHREPORTER_SHUTDOWN="1" MOZ_NO_REMOTE="1" "/App ... s" "localhost" "-foreground" "-no-remote" "-profile" "/var/folders/2l/c4141kzj2r34tjwfn3fh6nd40000gr/T/rust_mozprofilepAcHWX"
*** You are running in headless mode.
console.warn: services.settings: Ignoring preference override of remote settings server
console.warn: services.settings: Allow by setting MOZ_REMOTE_SETTINGS_DEVTOOLS=1 in the environment
1736977544922	Marionette	INFO	Marionette enabled
console.error: "Warning: unrecognized command line flag" "-remote-allow-hosts"
1736977545148	Marionette	INFO	Listening on port 61441
WebDriver BiDi listening on ws://127.0.0.1:61436
1736977545168	RemoteAgent	WARN	TLS certificate errors will be ignored for this session
[GFX1-]: RenderCompositorSWGL failed mapping default framebuffer, no dt
1736977555436	Marionette	INFO	Stopped listening on port 61441
1736977759231	geckodriver	INFO	Listening on 127.0.0.1:62560
1736977759758	mozrunner::runner	INFO	Running command: MOZ_CRASHREPORTER="1" MOZ_CRASHREPORTER_NO_REPORT="1" MOZ_CRASHREPORTER_SHUTDOWN="1" MOZ_NO_REMOTE="1" "/App ... s" "localhost" "-foreground" "-no-remote" "-profile" "/var/folders/2l/c4141kzj2r34tjwfn3fh6nd40000gr/T/rust_mozprofileZr2Fv9"
*** You are running in headless mode.
console.warn: services.settings: Ignoring preference override of remote settings server
console.warn: services.settings: Allow by setting MOZ_REMOTE_SETTINGS_DEVTOOLS=1 in the environment
1736977759979	Marionette	INFO	Marionette enabled
console.error: "Warning: unrecognized command line flag" "-remote-allow-hosts"
1736977760200	Marionette	INFO	Listening on port 62567
WebDriver BiDi listening on ws://127.0.0.1:62561
1736977760221	RemoteAgent	WARN	TLS certificate errors will be ignored for this session
[GFX1-]: RenderCompositorSWGL failed mapping default framebuffer, no dt
1736977770901	Marionette	INFO	Stopped listening on port 62567
1736978932518	geckodriver	INFO	Listening on 127.0.0.1:51679
1736978933029	mozrunner::runner	INFO	Running command: MOZ_CRASHREPORTER="1" MOZ_CRASHREPORTER_NO_REPORT="1" MOZ_CRASHREPORTER_SHUTDOWN="1" MOZ_NO_REMOTE="1" "/App ... s" "localhost" "-foreground" "-no-remote" "-profile" "/var/folders/2l/c4141kzj2r34tjwfn3fh6nd40000gr/T/rust_mozprofileLeNQ18"
*** You are running in headless mode.
console.warn: services.settings: Ignoring preference override of remote settings server
console.warn: services.settings: Allow by setting MOZ_REMOTE_SETTINGS_DEVTOOLS=1 in the environment
1736978933372	Marionette	INFO	Marionette enabled
console.error: "Warning: unrecognized command line flag" "-remote-allow-hosts"
1736978934120	Marionette	INFO	Listening on port 51685
WebDriver BiDi listening on ws://127.0.0.1:51680
1736978934155	RemoteAgent	WARN	TLS certificate errors will be ignored for this session
[GFX1-]: RenderCompositorSWGL failed mapping default framebuffer, no dt
1737020008673	geckodriver	INFO	Listening on 127.0.0.1:50891
1737020009199	mozrunner::runner	INFO	Running command: MOZ_CRASHREPORTER="1" MOZ_CRASHREPORTER_NO_REPORT="1" MOZ_CRASHREPORTER_SHUTDOWN="1" MOZ_NO_REMOTE="1" "/App ... s" "localhost" "-foreground" "-no-remote" "-profile" "/var/folders/2l/c4141kzj2r34tjwfn3fh6nd40000gr/T/rust_mozprofileYN8IUz"
*** You are running in headless mode.
console.warn: services.settings: Ignoring preference override of remote settings server
console.warn: services.settings: Allow by setting MOZ_REMOTE_SETTINGS_DEVTOOLS=1 in the environment
1737020009586	Marionette	INFO	Marionette enabled
console.error: "Warning: unrecognized command line flag" "-remote-allow-hosts"
1737020010348	Marionette	INFO	Listening on port 50897
WebDriver BiDi listening on ws://127.0.0.1:50892
1737020010369	RemoteAgent	WARN	TLS certificate errors will be ignored for this session
[GFX1-]: RenderCompositorSWGL failed mapping default framebuffer, no dt
1737020013518	Marionette	INFO	Stopped listening on port 50897
1737020097532	geckodriver	INFO	Listening on 127.0.0.1:51338
1737020098053	mozrunner::runner	INFO	Running command: MOZ_CRASHREPORTER="1" MOZ_CRASHREPORTER_NO_REPORT="1" MOZ_CRASHREPORTER_SHUTDOWN="1" MOZ_NO_REMOTE="1" "/App ... s" "localhost" "-foreground" "-no-remote" "-profile" "/var/folders/2l/c4141kzj2r34tjwfn3fh6nd40000gr/T/rust_mozprofileFnKGf8"
*** You are running in headless mode.
console.warn: services.settings: Ignoring preference override of remote settings server
console.warn: services.settings: Allow by setting MOZ_REMOTE_SETTINGS_DEVTOOLS=1 in the environment
1737020098268	Marionette	INFO	Marionette enabled
console.error: "Warning: unrecognized command line flag" "-remote-allow-hosts"
1737020098518	Marionette	INFO	Listening on port 51348
WebDriver BiDi listening on ws://127.0.0.1:51339
1737020098538	RemoteAgent	WARN	TLS certificate errors will be ignored for this session
[GFX1-]: RenderCompositorSWGL failed mapping default framebuffer, no dt
1737020283692	geckodriver	INFO	Listening on 127.0.0.1:52211
1737020284218	mozrunner::runner	INFO	Running command: MOZ_CRASHREPORTER="1" MOZ_CRASHREPORTER_NO_REPORT="1" MOZ_CRASHREPORTER_SHUTDOWN="1" MOZ_NO_REMOTE="1" "/App ... s" "localhost" "-foreground" "-no-remote" "-profile" "/var/folders/2l/c4141kzj2r34tjwfn3fh6nd40000gr/T/rust_mozprofileyOZRHG"
*** You are running in headless mode.
console.warn: services.settings: Ignoring preference override of remote settings server
console.warn: services.settings: Allow by setting MOZ_REMOTE_SETTINGS_DEVTOOLS=1 in the environment
1737020284424	Marionette	INFO	Marionette enabled
console.error: "Warning: unrecognized command line flag" "-remote-allow-hosts"
1737020284659	Marionette	INFO	Listening on port 52217
WebDriver BiDi listening on ws://127.0.0.1:52212
1737020284679	RemoteAgent	WARN	TLS certificate errors will be ignored for this session
[GFX1-]: RenderCompositorSWGL failed mapping default framebuffer, no dt
1737020321278	geckodriver	INFO	Listening on 127.0.0.1:52406
1737020321807	mozrunner::runner	INFO	Running command: MOZ_CRASHREPORTER="1" MOZ_CRASHREPORTER_NO_REPORT="1" MOZ_CRASHREPORTER_SHUTDOWN="1" MOZ_NO_REMOTE="1" "/App ... s" "localhost" "-foreground" "-no-remote" "-profile" "/var/folders/2l/c4141kzj2r34tjwfn3fh6nd40000gr/T/rust_mozprofileicvig7"
*** You are running in headless mode.
console.warn: services.settings: Ignoring preference override of remote settings server
console.warn: services.settings: Allow by setting MOZ_REMOTE_SETTINGS_DEVTOOLS=1 in the environment
1737020322029	Marionette	INFO	Marionette enabled
console.error: "Warning: unrecognized command line flag" "-remote-allow-hosts"
1737020322240	Marionette	INFO	Listening on port 52416
WebDriver BiDi listening on ws://127.0.0.1:52407
1737020322261	RemoteAgent	WARN	TLS certificate errors will be ignored for this session
[GFX1-]: RenderCompositorSWGL failed mapping default framebuffer, no dt
1737020325701	Marionette	INFO	Stopped listening on port 52416
1737020443174	geckodriver	INFO	Listening on 127.0.0.1:53034
1737020443699	mozrunner::runner	INFO	Running command: MOZ_CRASHREPORTER="1" MOZ_CRASHREPORTER_NO_REPORT="1" MOZ_CRASHREPORTER_SHUTDOWN="1" MOZ_NO_REMOTE="1" "/App ... s" "localhost" "-foreground" "-no-remote" "-profile" "/var/folders/2l/c4141kzj2r34tjwfn3fh6nd40000gr/T/rust_mozprofileCoSxKO"
*** You are running in headless mode.
console.warn: services.settings: Ignoring preference override of remote settings server
console.warn: services.settings: Allow by setting MOZ_REMOTE_SETTINGS_DEVTOOLS=1 in the environment
1737020443905	Marionette	INFO	Marionette enabled
console.error: "Warning: unrecognized command line flag" "-remote-allow-hosts"
1737020444123	Marionette	INFO	Listening on port 53040
WebDriver BiDi listening on ws://127.0.0.1:53035
1737020444144	RemoteAgent	WARN	TLS certificate errors will be ignored for this session
[GFX1-]: RenderCompositorSWGL failed mapping default framebuffer, no dt
1737020446543	Marionette	INFO	Stopped listening on port 53040
console.error: (new TypeError("NetworkError: Network request failed", "resource://services-settings/Utils.sys.mjs", 238))
console.error: services.settings: 
  main/fingerprinting-protection-overrides Signature failed  TypeError: NetworkError: Network request failed
console.error: (new NetworkError("Network error: TypeError: NetworkError: Network request failed", "resource://services-settings/RemoteSettingsClient.sys.mjs", 107))
console.error: services.settings: 
  main/tracking-protection-lists Signature failed  TypeError: NetworkError: Network request failed
console.error: (new NetworkError("Network error: TypeError: NetworkError: Network request failed", "resource://services-settings/RemoteSettingsClient.sys.mjs", 107))
console.error: services.settings: 
  main/search-categorization Signature failed  TypeError: NetworkError: Network request failed
console.error: (new NetworkError("Network error: TypeError: NetworkError: Network request failed", "resource://services-settings/RemoteSettingsClient.sys.mjs", 107))
1737020469770	geckodriver	INFO	Listening on 127.0.0.1:53207
1737020470299	mozrunner::runner	INFO	Running command: MOZ_CRASHREPORTER="1" MOZ_CRASHREPORTER_NO_REPORT="1" MOZ_CRASHREPORTER_SHUTDOWN="1" MOZ_NO_REMOTE="1" "/App ... s" "localhost" "-foreground" "-no-remote" "-profile" "/var/folders/2l/c4141kzj2r34tjwfn3fh6nd40000gr/T/rust_mozprofiledVNdcN"
*** You are running in headless mode.
console.warn: services.settings: Ignoring preference override of remote settings server
console.warn: services.settings: Allow by setting MOZ_REMOTE_SETTINGS_DEVTOOLS=1 in the environment
1737020470531	Marionette	INFO	Marionette enabled
console.error: "Warning: unrecognized command line flag" "-remote-allow-hosts"
1737020470759	Marionette	INFO	Listening on port 53222
WebDriver BiDi listening on ws://127.0.0.1:53208
1737020470780	RemoteAgent	WARN	TLS certificate errors will be ignored for this session
[GFX1-]: RenderCompositorSWGL failed mapping default framebuffer, no dt
1737020521193	geckodriver	INFO	Listening on 127.0.0.1:53502
1737020521717	mozrunner::runner	INFO	Running command: MOZ_CRASHREPORTER="1" MOZ_CRASHREPORTER_NO_REPORT="1" MOZ_CRASHREPORTER_SHUTDOWN="1" MOZ_NO_REMOTE="1" "/App ... s" "localhost" "-foreground" "-no-remote" "-profile" "/var/folders/2l/c4141kzj2r34tjwfn3fh6nd40000gr/T/rust_mozprofile8TxApx"
*** You are running in headless mode.
console.warn: services.settings: Ignoring preference override of remote settings server
console.warn: services.settings: Allow by setting MOZ_REMOTE_SETTINGS_DEVTOOLS=1 in the environment
1737020521929	Marionette	INFO	Marionette enabled
console.error: "Warning: unrecognized command line flag" "-remote-allow-hosts"
1737020522162	Marionette	INFO	Listening on port 53508
WebDriver BiDi listening on ws://127.0.0.1:53503
1737020522183	RemoteAgent	WARN	TLS certificate errors will be ignored for this session
[GFX1-]: RenderCompositorSWGL failed mapping default framebuffer, no dt
1737020528425	Marionette	INFO	Stopped listening on port 53508
1737020600679	geckodriver	INFO	Listening on 127.0.0.1:53957
1737020601209	mozrunner::runner	INFO	Running command: MOZ_CRASHREPORTER="1" MOZ_CRASHREPORTER_NO_REPORT="1" MOZ_CRASHREPORTER_SHUTDOWN="1" MOZ_NO_REMOTE="1" "/App ... s" "localhost" "-foreground" "-no-remote" "-profile" "/var/folders/2l/c4141kzj2r34tjwfn3fh6nd40000gr/T/rust_mozprofileDZDxvb"
*** You are running in headless mode.
console.warn: services.settings: Ignoring preference override of remote settings server
console.warn: services.settings: Allow by setting MOZ_REMOTE_SETTINGS_DEVTOOLS=1 in the environment
1737020601412	Marionette	INFO	Marionette enabled
console.error: "Warning: unrecognized command line flag" "-remote-allow-hosts"
1737020602251	Marionette	INFO	Listening on port 53966
WebDriver BiDi listening on ws://127.0.0.1:53958
1737020602286	RemoteAgent	WARN	TLS certificate errors will be ignored for this session
[GFX1-]: RenderCompositorSWGL failed mapping default framebuffer, no dt
1737020612647	Marionette	INFO	Stopped listening on port 53966
!!! error running onStopped callback: TypeError: callback is not a function
1737035981564	Marionette	INFO	Stopped listening on port 58854
console.error: "Failed to fetch https://spocs.getpocket.com/user:" "NetworkError when attempting to fetch resource."
console.warn: TopSitesFeed: Failed to fetch data from Contile server: NetworkError when attempting to fetch resource.
console.error: ({})
console.error: ({})
